2024/07/09 19:07:25 [error] [system.db.CDbCommand] CDbCommand::fetchAll() failed: SQLSTATE[42S02]: Base table or view not found: 1146 Table 'blogsite.posts' doesn't exist. The SQL statement executed was: SHOW FULL COLUMNS FROM `posts`.
in C:\xampp\htdocs\blogapp\myblog\protected\controllers\PostsController.php (147)
in C:\xampp\htdocs\blogapp\myblog\index.php (13)
2024/07/09 19:07:25 [error] [exception.CDbException] CDbException: The table "posts" for active record class "Post" cannot be found in the database. in C:\xampp\htdocs\blogapp\framework\db\ar\CActiveRecord.php:2391
Stack trace:
#0 C:\xampp\htdocs\blogapp\framework\db\ar\CActiveRecord.php(413): CActiveRecordMetaData->__construct(Object(Post))
#1 C:\xampp\htdocs\blogapp\framework\db\ar\CActiveRecord.php(79): CActiveRecord->getMetaData()
#2 C:\xampp\htdocs\blogapp\myblog\protected\controllers\PostsController.php(147): CActiveRecord->__construct('search')
#3 C:\xampp\htdocs\blogapp\framework\web\actions\CInlineAction.php(49): PostsController->actionIndex()
#4 C:\xampp\htdocs\blogapp\framework\web\CController.php(308): CInlineAction->runWithParams(Array)
#5 C:\xampp\htdocs\blogapp\framework\web\filters\CFilterChain.php(134): CController->runAction(Object(CInlineAction))
#6 C:\xampp\htdocs\blogapp\framework\web\filters\CFilter.php(40): CFilterChain->run()
#7 C:\xampp\htdocs\blogapp\framework\web\CController.php(1148): CFilter->filter(Object(CFilterChain))
#8 C:\xampp\htdocs\blogapp\framework\web\filters\CInlineFilter.php(58): CController->filterAccessControl(Object(CFilterChain))
#9 C:\xampp\htdocs\blogapp\framework\web\filters\CFilterChain.php(131): CInlineFilter->filter(Object(CFilterChain))
#10 C:\xampp\htdocs\blogapp\framework\web\CController.php(291): CFilterChain->run()
#11 C:\xampp\htdocs\blogapp\framework\web\CController.php(265): CController->runActionWithFilters(Object(CInlineAction), Array)
#12 C:\xampp\htdocs\blogapp\framework\web\CWebApplication.php(282): CController->run('index')
#13 C:\xampp\htdocs\blogapp\framework\web\CWebApplication.php(141): CWebApplication->runController('posts/index')
#14 C:\xampp\htdocs\blogapp\framework\base\CApplication.php(185): CWebApplication->processRequest()
#15 C:\xampp\htdocs\blogapp\myblog\index.php(13): CApplication->run()
#16 {main}
REQUEST_URI=/blogapp/myblog/index.php/posts/index
---
2024/07/09 19:07:30 [error] [system.db.CDbCommand] CDbCommand::fetchAll() failed: SQLSTATE[42S02]: Base table or view not found: 1146 Table 'blogsite.posts' doesn't exist. The SQL statement executed was: SHOW FULL COLUMNS FROM `posts`.
in C:\xampp\htdocs\blogapp\myblog\protected\controllers\PostsController.php (147)
in C:\xampp\htdocs\blogapp\myblog\index.php (13)
2024/07/09 19:07:30 [error] [exception.CDbException] CDbException: The table "posts" for active record class "Post" cannot be found in the database. in C:\xampp\htdocs\blogapp\framework\db\ar\CActiveRecord.php:2391
Stack trace:
#0 C:\xampp\htdocs\blogapp\framework\db\ar\CActiveRecord.php(413): CActiveRecordMetaData->__construct(Object(Post))
#1 C:\xampp\htdocs\blogapp\framework\db\ar\CActiveRecord.php(79): CActiveRecord->getMetaData()
#2 C:\xampp\htdocs\blogapp\myblog\protected\controllers\PostsController.php(147): CActiveRecord->__construct('search')
#3 C:\xampp\htdocs\blogapp\framework\web\actions\CInlineAction.php(49): PostsController->actionIndex()
#4 C:\xampp\htdocs\blogapp\framework\web\CController.php(308): CInlineAction->runWithParams(Array)
#5 C:\xampp\htdocs\blogapp\framework\web\filters\CFilterChain.php(134): CController->runAction(Object(CInlineAction))
#6 C:\xampp\htdocs\blogapp\framework\web\filters\CFilter.php(40): CFilterChain->run()
#7 C:\xampp\htdocs\blogapp\framework\web\CController.php(1148): CFilter->filter(Object(CFilterChain))
#8 C:\xampp\htdocs\blogapp\framework\web\filters\CInlineFilter.php(58): CController->filterAccessControl(Object(CFilterChain))
#9 C:\xampp\htdocs\blogapp\framework\web\filters\CFilterChain.php(131): CInlineFilter->filter(Object(CFilterChain))
#10 C:\xampp\htdocs\blogapp\framework\web\CController.php(291): CFilterChain->run()
#11 C:\xampp\htdocs\blogapp\framework\web\CController.php(265): CController->runActionWithFilters(Object(CInlineAction), Array)
#12 C:\xampp\htdocs\blogapp\framework\web\CWebApplication.php(282): CController->run('index')
#13 C:\xampp\htdocs\blogapp\framework\web\CWebApplication.php(141): CWebApplication->runController('posts/index')
#14 C:\xampp\htdocs\blogapp\framework\base\CApplication.php(185): CWebApplication->processRequest()
#15 C:\xampp\htdocs\blogapp\myblog\index.php(13): CApplication->run()
#16 {main}
REQUEST_URI=/blogapp/myblog/index.php/posts/index
HTTP_REFERER=https://localhost/blogapp/
---
2024/07/09 19:07:33 [error] [system.db.CDbCommand] CDbCommand::fetchAll() failed: SQLSTATE[42S02]: Base table or view not found: 1146 Table 'blogsite.posts' doesn't exist. The SQL statement executed was: SHOW FULL COLUMNS FROM `posts`.
in C:\xampp\htdocs\blogapp\myblog\protected\controllers\PostsController.php (147)
in C:\xampp\htdocs\blogapp\myblog\index.php (13)
2024/07/09 19:07:33 [error] [exception.CDbException] CDbException: The table "posts" for active record class "Post" cannot be found in the database. in C:\xampp\htdocs\blogapp\framework\db\ar\CActiveRecord.php:2391
Stack trace:
#0 C:\xampp\htdocs\blogapp\framework\db\ar\CActiveRecord.php(413): CActiveRecordMetaData->__construct(Object(Post))
#1 C:\xampp\htdocs\blogapp\framework\db\ar\CActiveRecord.php(79): CActiveRecord->getMetaData()
#2 C:\xampp\htdocs\blogapp\myblog\protected\controllers\PostsController.php(147): CActiveRecord->__construct('search')
#3 C:\xampp\htdocs\blogapp\framework\web\actions\CInlineAction.php(49): PostsController->actionIndex()
#4 C:\xampp\htdocs\blogapp\framework\web\CController.php(308): CInlineAction->runWithParams(Array)
#5 C:\xampp\htdocs\blogapp\framework\web\filters\CFilterChain.php(134): CController->runAction(Object(CInlineAction))
#6 C:\xampp\htdocs\blogapp\framework\web\filters\CFilter.php(40): CFilterChain->run()
#7 C:\xampp\htdocs\blogapp\framework\web\CController.php(1148): CFilter->filter(Object(CFilterChain))
#8 C:\xampp\htdocs\blogapp\framework\web\filters\CInlineFilter.php(58): CController->filterAccessControl(Object(CFilterChain))
#9 C:\xampp\htdocs\blogapp\framework\web\filters\CFilterChain.php(131): CInlineFilter->filter(Object(CFilterChain))
#10 C:\xampp\htdocs\blogapp\framework\web\CController.php(291): CFilterChain->run()
#11 C:\xampp\htdocs\blogapp\framework\web\CController.php(265): CController->runActionWithFilters(Object(CInlineAction), Array)
#12 C:\xampp\htdocs\blogapp\framework\web\CWebApplication.php(282): CController->run('index')
#13 C:\xampp\htdocs\blogapp\framework\web\CWebApplication.php(141): CWebApplication->runController('posts/index')
#14 C:\xampp\htdocs\blogapp\framework\base\CApplication.php(185): CWebApplication->processRequest()
#15 C:\xampp\htdocs\blogapp\myblog\index.php(13): CApplication->run()
#16 {main}
REQUEST_URI=/blogapp/myblog/index.php/posts/index
HTTP_REFERER=https://localhost/blogapp/
---
2024/07/09 19:11:42 [error] [system.db.CDbCommand] CDbCommand::fetchAll() failed: SQLSTATE[42S02]: Base table or view not found: 1146 Table 'blogsite.posts' doesn't exist. The SQL statement executed was: SHOW FULL COLUMNS FROM `posts`.
in C:\xampp\htdocs\blogapp\myblog\protected\controllers\PostsController.php (147)
in C:\xampp\htdocs\blogapp\myblog\index.php (13)
2024/07/09 19:11:42 [error] [exception.CDbException] CDbException: The table "posts" for active record class "Post" cannot be found in the database. in C:\xampp\htdocs\blogapp\framework\db\ar\CActiveRecord.php:2391
Stack trace:
#0 C:\xampp\htdocs\blogapp\framework\db\ar\CActiveRecord.php(413): CActiveRecordMetaData->__construct(Object(Post))
#1 C:\xampp\htdocs\blogapp\framework\db\ar\CActiveRecord.php(79): CActiveRecord->getMetaData()
#2 C:\xampp\htdocs\blogapp\myblog\protected\controllers\PostsController.php(147): CActiveRecord->__construct('search')
#3 C:\xampp\htdocs\blogapp\framework\web\actions\CInlineAction.php(49): PostsController->actionIndex()
#4 C:\xampp\htdocs\blogapp\framework\web\CController.php(308): CInlineAction->runWithParams(Array)
#5 C:\xampp\htdocs\blogapp\framework\web\filters\CFilterChain.php(134): CController->runAction(Object(CInlineAction))
#6 C:\xampp\htdocs\blogapp\framework\web\filters\CFilter.php(40): CFilterChain->run()
#7 C:\xampp\htdocs\blogapp\framework\web\CController.php(1148): CFilter->filter(Object(CFilterChain))
#8 C:\xampp\htdocs\blogapp\framework\web\filters\CInlineFilter.php(58): CController->filterAccessControl(Object(CFilterChain))
#9 C:\xampp\htdocs\blogapp\framework\web\filters\CFilterChain.php(131): CInlineFilter->filter(Object(CFilterChain))
#10 C:\xampp\htdocs\blogapp\framework\web\CController.php(291): CFilterChain->run()
#11 C:\xampp\htdocs\blogapp\framework\web\CController.php(265): CController->runActionWithFilters(Object(CInlineAction), Array)
#12 C:\xampp\htdocs\blogapp\framework\web\CWebApplication.php(282): CController->run('index')
#13 C:\xampp\htdocs\blogapp\framework\web\CWebApplication.php(141): CWebApplication->runController('posts/index')
#14 C:\xampp\htdocs\blogapp\framework\base\CApplication.php(185): CWebApplication->processRequest()
#15 C:\xampp\htdocs\blogapp\myblog\index.php(13): CApplication->run()
#16 {main}
REQUEST_URI=/blogapp/myblog/index.php/posts/index
HTTP_REFERER=https://localhost/blogapp/
---
2024/07/09 19:13:20 [error] [system.db.CDbCommand] CDbCommand::fetchAll() failed: SQLSTATE[42S02]: Base table or view not found: 1146 Table 'blogsite.posts' doesn't exist. The SQL statement executed was: SHOW FULL COLUMNS FROM `posts`.
in C:\xampp\htdocs\blogapp\myblog\protected\controllers\PostsController.php (147)
in C:\xampp\htdocs\blogapp\myblog\index.php (13)
2024/07/09 19:13:20 [error] [exception.CDbException] CDbException: The table "posts" for active record class "Post" cannot be found in the database. in C:\xampp\htdocs\blogapp\framework\db\ar\CActiveRecord.php:2391
Stack trace:
#0 C:\xampp\htdocs\blogapp\framework\db\ar\CActiveRecord.php(413): CActiveRecordMetaData->__construct(Object(Post))
#1 C:\xampp\htdocs\blogapp\framework\db\ar\CActiveRecord.php(79): CActiveRecord->getMetaData()
#2 C:\xampp\htdocs\blogapp\myblog\protected\controllers\PostsController.php(147): CActiveRecord->__construct('search')
#3 C:\xampp\htdocs\blogapp\framework\web\actions\CInlineAction.php(49): PostsController->actionIndex()
#4 C:\xampp\htdocs\blogapp\framework\web\CController.php(308): CInlineAction->runWithParams(Array)
#5 C:\xampp\htdocs\blogapp\framework\web\filters\CFilterChain.php(134): CController->runAction(Object(CInlineAction))
#6 C:\xampp\htdocs\blogapp\framework\web\filters\CFilter.php(40): CFilterChain->run()
#7 C:\xampp\htdocs\blogapp\framework\web\CController.php(1148): CFilter->filter(Object(CFilterChain))
#8 C:\xampp\htdocs\blogapp\framework\web\filters\CInlineFilter.php(58): CController->filterAccessControl(Object(CFilterChain))
#9 C:\xampp\htdocs\blogapp\framework\web\filters\CFilterChain.php(131): CInlineFilter->filter(Object(CFilterChain))
#10 C:\xampp\htdocs\blogapp\framework\web\CController.php(291): CFilterChain->run()
#11 C:\xampp\htdocs\blogapp\framework\web\CController.php(265): CController->runActionWithFilters(Object(CInlineAction), Array)
#12 C:\xampp\htdocs\blogapp\framework\web\CWebApplication.php(282): CController->run('index')
#13 C:\xampp\htdocs\blogapp\framework\web\CWebApplication.php(141): CWebApplication->runController('posts/index')
#14 C:\xampp\htdocs\blogapp\framework\base\CApplication.php(185): CWebApplication->processRequest()
#15 C:\xampp\htdocs\blogapp\myblog\index.php(13): CApplication->run()
#16 {main}
REQUEST_URI=/blogapp/myblog/index.php/posts/index
---
2024/07/09 19:13:23 [error] [system.db.CDbCommand] CDbCommand::fetchAll() failed: SQLSTATE[42S02]: Base table or view not found: 1146 Table 'blogsite.posts' doesn't exist. The SQL statement executed was: SHOW FULL COLUMNS FROM `posts`.
in C:\xampp\htdocs\blogapp\myblog\protected\controllers\PostsController.php (147)
in C:\xampp\htdocs\blogapp\myblog\index.php (13)
2024/07/09 19:13:23 [error] [exception.CDbException] CDbException: The table "posts" for active record class "Post" cannot be found in the database. in C:\xampp\htdocs\blogapp\framework\db\ar\CActiveRecord.php:2391
Stack trace:
#0 C:\xampp\htdocs\blogapp\framework\db\ar\CActiveRecord.php(413): CActiveRecordMetaData->__construct(Object(Post))
#1 C:\xampp\htdocs\blogapp\framework\db\ar\CActiveRecord.php(79): CActiveRecord->getMetaData()
#2 C:\xampp\htdocs\blogapp\myblog\protected\controllers\PostsController.php(147): CActiveRecord->__construct('search')
#3 C:\xampp\htdocs\blogapp\framework\web\actions\CInlineAction.php(49): PostsController->actionIndex()
#4 C:\xampp\htdocs\blogapp\framework\web\CController.php(308): CInlineAction->runWithParams(Array)
#5 C:\xampp\htdocs\blogapp\framework\web\filters\CFilterChain.php(134): CController->runAction(Object(CInlineAction))
#6 C:\xampp\htdocs\blogapp\framework\web\filters\CFilter.php(40): CFilterChain->run()
#7 C:\xampp\htdocs\blogapp\framework\web\CController.php(1148): CFilter->filter(Object(CFilterChain))
#8 C:\xampp\htdocs\blogapp\framework\web\filters\CInlineFilter.php(58): CController->filterAccessControl(Object(CFilterChain))
#9 C:\xampp\htdocs\blogapp\framework\web\filters\CFilterChain.php(131): CInlineFilter->filter(Object(CFilterChain))
#10 C:\xampp\htdocs\blogapp\framework\web\CController.php(291): CFilterChain->run()
#11 C:\xampp\htdocs\blogapp\framework\web\CController.php(265): CController->runActionWithFilters(Object(CInlineAction), Array)
#12 C:\xampp\htdocs\blogapp\framework\web\CWebApplication.php(282): CController->run('index')
#13 C:\xampp\htdocs\blogapp\framework\web\CWebApplication.php(141): CWebApplication->runController('posts/index')
#14 C:\xampp\htdocs\blogapp\framework\base\CApplication.php(185): CWebApplication->processRequest()
#15 C:\xampp\htdocs\blogapp\myblog\index.php(13): CApplication->run()
#16 {main}
REQUEST_URI=/blogapp/myblog/index.php/posts/index
HTTP_REFERER=https://localhost/blogapp/
---
2024/07/09 19:15:20 [error] [system.db.CDbCommand] CDbCommand::fetchAll() failed: SQLSTATE[42S02]: Base table or view not found: 1146 Table 'blogsite.posts' doesn't exist. The SQL statement executed was: SHOW FULL COLUMNS FROM `posts`.
in C:\xampp\htdocs\blogapp\myblog\protected\controllers\PostsController.php (147)
in C:\xampp\htdocs\blogapp\myblog\index.php (13)
2024/07/09 19:15:20 [error] [exception.CDbException] CDbException: The table "posts" for active record class "Post" cannot be found in the database. in C:\xampp\htdocs\blogapp\framework\db\ar\CActiveRecord.php:2391
Stack trace:
#0 C:\xampp\htdocs\blogapp\framework\db\ar\CActiveRecord.php(413): CActiveRecordMetaData->__construct(Object(Post))
#1 C:\xampp\htdocs\blogapp\framework\db\ar\CActiveRecord.php(79): CActiveRecord->getMetaData()
#2 C:\xampp\htdocs\blogapp\myblog\protected\controllers\PostsController.php(147): CActiveRecord->__construct('search')
#3 C:\xampp\htdocs\blogapp\framework\web\actions\CInlineAction.php(49): PostsController->actionIndex()
#4 C:\xampp\htdocs\blogapp\framework\web\CController.php(308): CInlineAction->runWithParams(Array)
#5 C:\xampp\htdocs\blogapp\framework\web\filters\CFilterChain.php(134): CController->runAction(Object(CInlineAction))
#6 C:\xampp\htdocs\blogapp\framework\web\filters\CFilter.php(40): CFilterChain->run()
#7 C:\xampp\htdocs\blogapp\framework\web\CController.php(1148): CFilter->filter(Object(CFilterChain))
#8 C:\xampp\htdocs\blogapp\framework\web\filters\CInlineFilter.php(58): CController->filterAccessControl(Object(CFilterChain))
#9 C:\xampp\htdocs\blogapp\framework\web\filters\CFilterChain.php(131): CInlineFilter->filter(Object(CFilterChain))
#10 C:\xampp\htdocs\blogapp\framework\web\CController.php(291): CFilterChain->run()
#11 C:\xampp\htdocs\blogapp\framework\web\CController.php(265): CController->runActionWithFilters(Object(CInlineAction), Array)
#12 C:\xampp\htdocs\blogapp\framework\web\CWebApplication.php(282): CController->run('index')
#13 C:\xampp\htdocs\blogapp\framework\web\CWebApplication.php(141): CWebApplication->runController('posts/index')
#14 C:\xampp\htdocs\blogapp\framework\base\CApplication.php(185): CWebApplication->processRequest()
#15 C:\xampp\htdocs\blogapp\myblog\index.php(13): CApplication->run()
#16 {main}
REQUEST_URI=/blogapp/myblog/index.php/posts/index
HTTP_REFERER=https://localhost/blogapp/
---
2024/07/09 19:18:49 [error] [system.db.CDbCommand] CDbCommand::fetchAll() failed: SQLSTATE[42S02]: Base table or view not found: 1146 Table 'blogsite.posts' doesn't exist. The SQL statement executed was: SHOW FULL COLUMNS FROM `posts`.
in C:\xampp\htdocs\blogapp\myblog\protected\controllers\PostsController.php (147)
in C:\xampp\htdocs\blogapp\myblog\index.php (13)
2024/07/09 19:18:49 [error] [exception.CDbException] CDbException: The table "posts" for active record class "Post" cannot be found in the database. in C:\xampp\htdocs\blogapp\framework\db\ar\CActiveRecord.php:2391
Stack trace:
#0 C:\xampp\htdocs\blogapp\framework\db\ar\CActiveRecord.php(413): CActiveRecordMetaData->__construct(Object(Post))
#1 C:\xampp\htdocs\blogapp\framework\db\ar\CActiveRecord.php(79): CActiveRecord->getMetaData()
#2 C:\xampp\htdocs\blogapp\myblog\protected\controllers\PostsController.php(147): CActiveRecord->__construct('search')
#3 C:\xampp\htdocs\blogapp\framework\web\actions\CInlineAction.php(49): PostsController->actionIndex()
#4 C:\xampp\htdocs\blogapp\framework\web\CController.php(308): CInlineAction->runWithParams(Array)
#5 C:\xampp\htdocs\blogapp\framework\web\filters\CFilterChain.php(134): CController->runAction(Object(CInlineAction))
#6 C:\xampp\htdocs\blogapp\framework\web\filters\CFilter.php(40): CFilterChain->run()
#7 C:\xampp\htdocs\blogapp\framework\web\CController.php(1148): CFilter->filter(Object(CFilterChain))
#8 C:\xampp\htdocs\blogapp\framework\web\filters\CInlineFilter.php(58): CController->filterAccessControl(Object(CFilterChain))
#9 C:\xampp\htdocs\blogapp\framework\web\filters\CFilterChain.php(131): CInlineFilter->filter(Object(CFilterChain))
#10 C:\xampp\htdocs\blogapp\framework\web\CController.php(291): CFilterChain->run()
#11 C:\xampp\htdocs\blogapp\framework\web\CController.php(265): CController->runActionWithFilters(Object(CInlineAction), Array)
#12 C:\xampp\htdocs\blogapp\framework\web\CWebApplication.php(282): CController->run('index')
#13 C:\xampp\htdocs\blogapp\framework\web\CWebApplication.php(141): CWebApplication->runController('posts/index')
#14 C:\xampp\htdocs\blogapp\framework\base\CApplication.php(185): CWebApplication->processRequest()
#15 C:\xampp\htdocs\blogapp\myblog\index.php(13): CApplication->run()
#16 {main}
REQUEST_URI=/blogapp/myblog/index.php/posts/index
HTTP_REFERER=https://localhost/blogapp/
---
2024/07/09 19:19:37 [error] [system.db.CDbCommand] CDbCommand::fetchAll() failed: SQLSTATE[42S02]: Base table or view not found: 1146 Table 'blogsite.posts' doesn't exist. The SQL statement executed was: SHOW FULL COLUMNS FROM `posts`.
in C:\xampp\htdocs\blogapp\myblog\protected\controllers\PostsController.php (147)
in C:\xampp\htdocs\blogapp\myblog\index.php (13)
2024/07/09 19:19:37 [error] [exception.CDbException] CDbException: The table "posts" for active record class "Post" cannot be found in the database. in C:\xampp\htdocs\blogapp\framework\db\ar\CActiveRecord.php:2391
Stack trace:
#0 C:\xampp\htdocs\blogapp\framework\db\ar\CActiveRecord.php(413): CActiveRecordMetaData->__construct(Object(Post))
#1 C:\xampp\htdocs\blogapp\framework\db\ar\CActiveRecord.php(79): CActiveRecord->getMetaData()
#2 C:\xampp\htdocs\blogapp\myblog\protected\controllers\PostsController.php(147): CActiveRecord->__construct('search')
#3 C:\xampp\htdocs\blogapp\framework\web\actions\CInlineAction.php(49): PostsController->actionIndex()
#4 C:\xampp\htdocs\blogapp\framework\web\CController.php(308): CInlineAction->runWithParams(Array)
#5 C:\xampp\htdocs\blogapp\framework\web\filters\CFilterChain.php(134): CController->runAction(Object(CInlineAction))
#6 C:\xampp\htdocs\blogapp\framework\web\filters\CFilter.php(40): CFilterChain->run()
#7 C:\xampp\htdocs\blogapp\framework\web\CController.php(1148): CFilter->filter(Object(CFilterChain))
#8 C:\xampp\htdocs\blogapp\framework\web\filters\CInlineFilter.php(58): CController->filterAccessControl(Object(CFilterChain))
#9 C:\xampp\htdocs\blogapp\framework\web\filters\CFilterChain.php(131): CInlineFilter->filter(Object(CFilterChain))
#10 C:\xampp\htdocs\blogapp\framework\web\CController.php(291): CFilterChain->run()
#11 C:\xampp\htdocs\blogapp\framework\web\CController.php(265): CController->runActionWithFilters(Object(CInlineAction), Array)
#12 C:\xampp\htdocs\blogapp\framework\web\CWebApplication.php(282): CController->run('index')
#13 C:\xampp\htdocs\blogapp\framework\web\CWebApplication.php(141): CWebApplication->runController('posts/index')
#14 C:\xampp\htdocs\blogapp\framework\base\CApplication.php(185): CWebApplication->processRequest()
#15 C:\xampp\htdocs\blogapp\myblog\index.php(13): CApplication->run()
#16 {main}
REQUEST_URI=/blogapp/myblog/index.php/posts/index
HTTP_REFERER=https://localhost/blogapp/
---
2024/07/09 19:19:38 [error] [system.db.CDbCommand] CDbCommand::fetchAll() failed: SQLSTATE[42S02]: Base table or view not found: 1146 Table 'blogsite.posts' doesn't exist. The SQL statement executed was: SHOW FULL COLUMNS FROM `posts`.
in C:\xampp\htdocs\blogapp\myblog\protected\controllers\PostsController.php (147)
in C:\xampp\htdocs\blogapp\myblog\index.php (13)
2024/07/09 19:19:38 [error] [exception.CDbException] CDbException: The table "posts" for active record class "Post" cannot be found in the database. in C:\xampp\htdocs\blogapp\framework\db\ar\CActiveRecord.php:2391
Stack trace:
#0 C:\xampp\htdocs\blogapp\framework\db\ar\CActiveRecord.php(413): CActiveRecordMetaData->__construct(Object(Post))
#1 C:\xampp\htdocs\blogapp\framework\db\ar\CActiveRecord.php(79): CActiveRecord->getMetaData()
#2 C:\xampp\htdocs\blogapp\myblog\protected\controllers\PostsController.php(147): CActiveRecord->__construct('search')
#3 C:\xampp\htdocs\blogapp\framework\web\actions\CInlineAction.php(49): PostsController->actionIndex()
#4 C:\xampp\htdocs\blogapp\framework\web\CController.php(308): CInlineAction->runWithParams(Array)
#5 C:\xampp\htdocs\blogapp\framework\web\filters\CFilterChain.php(134): CController->runAction(Object(CInlineAction))
#6 C:\xampp\htdocs\blogapp\framework\web\filters\CFilter.php(40): CFilterChain->run()
#7 C:\xampp\htdocs\blogapp\framework\web\CController.php(1148): CFilter->filter(Object(CFilterChain))
#8 C:\xampp\htdocs\blogapp\framework\web\filters\CInlineFilter.php(58): CController->filterAccessControl(Object(CFilterChain))
#9 C:\xampp\htdocs\blogapp\framework\web\filters\CFilterChain.php(131): CInlineFilter->filter(Object(CFilterChain))
#10 C:\xampp\htdocs\blogapp\framework\web\CController.php(291): CFilterChain->run()
#11 C:\xampp\htdocs\blogapp\framework\web\CController.php(265): CController->runActionWithFilters(Object(CInlineAction), Array)
#12 C:\xampp\htdocs\blogapp\framework\web\CWebApplication.php(282): CController->run('index')
#13 C:\xampp\htdocs\blogapp\framework\web\CWebApplication.php(141): CWebApplication->runController('posts/index')
#14 C:\xampp\htdocs\blogapp\framework\base\CApplication.php(185): CWebApplication->processRequest()
#15 C:\xampp\htdocs\blogapp\myblog\index.php(13): CApplication->run()
#16 {main}
REQUEST_URI=/blogapp/myblog/index.php/posts/index
HTTP_REFERER=https://localhost/blogapp/
---
2024/07/09 19:19:39 [error] [system.db.CDbCommand] CDbCommand::fetchAll() failed: SQLSTATE[42S02]: Base table or view not found: 1146 Table 'blogsite.posts' doesn't exist. The SQL statement executed was: SHOW FULL COLUMNS FROM `posts`.
in C:\xampp\htdocs\blogapp\myblog\protected\controllers\PostsController.php (147)
in C:\xampp\htdocs\blogapp\myblog\index.php (13)
2024/07/09 19:19:39 [error] [exception.CDbException] CDbException: The table "posts" for active record class "Post" cannot be found in the database. in C:\xampp\htdocs\blogapp\framework\db\ar\CActiveRecord.php:2391
Stack trace:
#0 C:\xampp\htdocs\blogapp\framework\db\ar\CActiveRecord.php(413): CActiveRecordMetaData->__construct(Object(Post))
#1 C:\xampp\htdocs\blogapp\framework\db\ar\CActiveRecord.php(79): CActiveRecord->getMetaData()
#2 C:\xampp\htdocs\blogapp\myblog\protected\controllers\PostsController.php(147): CActiveRecord->__construct('search')
#3 C:\xampp\htdocs\blogapp\framework\web\actions\CInlineAction.php(49): PostsController->actionIndex()
#4 C:\xampp\htdocs\blogapp\framework\web\CController.php(308): CInlineAction->runWithParams(Array)
#5 C:\xampp\htdocs\blogapp\framework\web\filters\CFilterChain.php(134): CController->runAction(Object(CInlineAction))
#6 C:\xampp\htdocs\blogapp\framework\web\filters\CFilter.php(40): CFilterChain->run()
#7 C:\xampp\htdocs\blogapp\framework\web\CController.php(1148): CFilter->filter(Object(CFilterChain))
#8 C:\xampp\htdocs\blogapp\framework\web\filters\CInlineFilter.php(58): CController->filterAccessControl(Object(CFilterChain))
#9 C:\xampp\htdocs\blogapp\framework\web\filters\CFilterChain.php(131): CInlineFilter->filter(Object(CFilterChain))
#10 C:\xampp\htdocs\blogapp\framework\web\CController.php(291): CFilterChain->run()
#11 C:\xampp\htdocs\blogapp\framework\web\CController.php(265): CController->runActionWithFilters(Object(CInlineAction), Array)
#12 C:\xampp\htdocs\blogapp\framework\web\CWebApplication.php(282): CController->run('index')
#13 C:\xampp\htdocs\blogapp\framework\web\CWebApplication.php(141): CWebApplication->runController('posts/index')
#14 C:\xampp\htdocs\blogapp\framework\base\CApplication.php(185): CWebApplication->processRequest()
#15 C:\xampp\htdocs\blogapp\myblog\index.php(13): CApplication->run()
#16 {main}
REQUEST_URI=/blogapp/myblog/index.php/posts/index
HTTP_REFERER=https://localhost/blogapp/
---
2024/07/09 19:19:40 [error] [system.db.CDbCommand] CDbCommand::fetchAll() failed: SQLSTATE[42S02]: Base table or view not found: 1146 Table 'blogsite.posts' doesn't exist. The SQL statement executed was: SHOW FULL COLUMNS FROM `posts`.
in C:\xampp\htdocs\blogapp\myblog\protected\controllers\PostsController.php (147)
in C:\xampp\htdocs\blogapp\myblog\index.php (13)
2024/07/09 19:19:40 [error] [exception.CDbException] CDbException: The table "posts" for active record class "Post" cannot be found in the database. in C:\xampp\htdocs\blogapp\framework\db\ar\CActiveRecord.php:2391
Stack trace:
#0 C:\xampp\htdocs\blogapp\framework\db\ar\CActiveRecord.php(413): CActiveRecordMetaData->__construct(Object(Post))
#1 C:\xampp\htdocs\blogapp\framework\db\ar\CActiveRecord.php(79): CActiveRecord->getMetaData()
#2 C:\xampp\htdocs\blogapp\myblog\protected\controllers\PostsController.php(147): CActiveRecord->__construct('search')
#3 C:\xampp\htdocs\blogapp\framework\web\actions\CInlineAction.php(49): PostsController->actionIndex()
#4 C:\xampp\htdocs\blogapp\framework\web\CController.php(308): CInlineAction->runWithParams(Array)
#5 C:\xampp\htdocs\blogapp\framework\web\filters\CFilterChain.php(134): CController->runAction(Object(CInlineAction))
#6 C:\xampp\htdocs\blogapp\framework\web\filters\CFilter.php(40): CFilterChain->run()
#7 C:\xampp\htdocs\blogapp\framework\web\CController.php(1148): CFilter->filter(Object(CFilterChain))
#8 C:\xampp\htdocs\blogapp\framework\web\filters\CInlineFilter.php(58): CController->filterAccessControl(Object(CFilterChain))
#9 C:\xampp\htdocs\blogapp\framework\web\filters\CFilterChain.php(131): CInlineFilter->filter(Object(CFilterChain))
#10 C:\xampp\htdocs\blogapp\framework\web\CController.php(291): CFilterChain->run()
#11 C:\xampp\htdocs\blogapp\framework\web\CController.php(265): CController->runActionWithFilters(Object(CInlineAction), Array)
#12 C:\xampp\htdocs\blogapp\framework\web\CWebApplication.php(282): CController->run('index')
#13 C:\xampp\htdocs\blogapp\framework\web\CWebApplication.php(141): CWebApplication->runController('posts/index')
#14 C:\xampp\htdocs\blogapp\framework\base\CApplication.php(185): CWebApplication->processRequest()
#15 C:\xampp\htdocs\blogapp\myblog\index.php(13): CApplication->run()
#16 {main}
REQUEST_URI=/blogapp/myblog/index.php/posts/index
HTTP_REFERER=https://localhost/blogapp/
---
